
ROM used: 165 (2%)
          165 (2%) including unused fragments

          0 Average locations per line
          8 Average locations per statement

RAM used: 11 (3%) at main() level
          16 (4%) worst case

Stack used: 1 worst case (out of 8 total available)

Lines Stmts  %   Files
----- ----- ---  -----
   44    21 100  main.c
  309     0   0  ..\..\..\..\Program Files (x86)\PICC\devices\16F877A.h
----- -----
  353    21 Total

Page ROM  %  RAM   Vol Diff  Functions:
---- --- --- ---   --- ----  ----------
0    122  74   0   496  5.2  main
0     39  24   5             @DIV1616

Program metrics:
    Functions               1
    Statements              21
    Comments                73
    Volume (V)              498
    Difficilty (D)          5.1
    Effort to implement (E) 2545
    Time to implement (T)   2 minutes
    Est Delivered Bugs (B)  0
    Cyclomatic Complexity   1
    Maintainability (MI)    120

 Segment     Used  Free
-----------  ----  ----
00000-00003     4  0  
00004-007FF   161  1883  
00800-00FFF     0  2048  
01000-017FF     0  2048  
01800-01FFF     0  2048  



