CCS PCM C Compiler, Version 4.032, 62930               05-jun.-14 11:17

               Filename: C:\Users\hugo\git\Proyecto_Plantas\main.lst

               ROM used: 161 words (2%)
                         Largest free fragment is 2048
               RAM used: 11 (3%) at main() level
                         13 (4%) worst case
               Stack:    1 locations

*
0000:  MOVLW  00
0001:  MOVWF  0A
0002:  GOTO   02B
0003:  NOP
.................... #include <16F877A.h> 
.................... //////// Standard Header file for the PIC16F877A device //////////////// 
.................... #device PIC16F877A 
.................... #list 
....................  
.................... #device adc=10 
....................  
.................... #FUSES XT                        
.................... #byte PORTB=0x06 
.................... #byte PORTC=0x07 
.................... #use delay(clock=4000000) 
....................  
.................... int16 x=0; 
*
0036:  BCF    03.5
0037:  CLRF   20
0038:  CLRF   21
.................... int16 v=0; 
0039:  CLRF   22
003A:  CLRF   23
....................  
.................... void main() 
.................... { 
*
002B:  CLRF   04
002C:  BCF    03.7
002D:  MOVLW  1F
002E:  ANDWF  03,F
002F:  BSF    03.5
0030:  BSF    1F.0
0031:  BSF    1F.1
0032:  BSF    1F.2
0033:  BCF    1F.3
0034:  MOVLW  07
0035:  MOVWF  1C
....................  
....................    setup_adc_ports(AN0); 
*
003D:  BSF    03.5
003E:  BCF    1F.0
003F:  BSF    1F.1
0040:  BSF    1F.2
0041:  BSF    1F.3
....................    setup_adc(ADC_CLOCK_INTERNAL); 
0042:  BCF    1F.6
0043:  BCF    03.5
0044:  BSF    1F.6
0045:  BSF    1F.7
0046:  BSF    03.5
0047:  BSF    1F.7
0048:  BCF    03.5
0049:  BSF    1F.0
....................    setup_psp(PSP_DISABLED); 
004A:  BSF    03.5
004B:  BCF    09.4
....................    setup_spi(SPI_SS_DISABLED); 
*
003B:  MOVLW  FF
003C:  MOVWF  24
*
004C:  BCF    03.5
004D:  BCF    14.5
004E:  BCF    24.5
004F:  MOVF   24,W
0050:  BSF    03.5
0051:  MOVWF  07
0052:  BCF    03.5
0053:  BSF    24.4
0054:  MOVF   24,W
0055:  BSF    03.5
0056:  MOVWF  07
0057:  BCF    03.5
0058:  BCF    24.3
0059:  MOVF   24,W
005A:  BSF    03.5
005B:  MOVWF  07
005C:  MOVLW  01
005D:  BCF    03.5
005E:  MOVWF  14
005F:  MOVLW  00
0060:  BSF    03.5
0061:  MOVWF  14
....................    setup_timer_0(RTCC_INTERNAL|RTCC_DIV_1); 
0062:  MOVF   01,W
0063:  ANDLW  C7
0064:  IORLW  08
0065:  MOVWF  01
....................    setup_timer_1(T1_DISABLED); 
0066:  BCF    03.5
0067:  CLRF   10
....................    setup_timer_2(T2_DISABLED,0,1); 
0068:  MOVLW  00
0069:  MOVWF  78
006A:  MOVWF  12
006B:  MOVLW  00
006C:  BSF    03.5
006D:  MOVWF  12
....................    setup_comparator(NC_NC_NC_NC); 
006E:  MOVLW  07
006F:  MOVWF  1C
0070:  MOVF   05,W
0071:  MOVLW  03
0072:  MOVWF  77
0073:  DECFSZ 77,F
0074:  GOTO   073
0075:  MOVF   1C,W
0076:  BCF    03.5
0077:  BCF    0D.6
....................    setup_vref(FALSE); 
0078:  BSF    03.5
0079:  CLRF   1D
....................    set_tris_b(0); 
007A:  MOVLW  00
007B:  MOVWF  06
....................    set_tris_c(0xff); 
007C:  MOVLW  FF
007D:  MOVWF  07
007E:  BCF    03.5
007F:  MOVWF  24
....................  
....................    while(true){ 
....................    
....................    
....................    x=read_adc(); 
0080:  BSF    1F.2
0081:  BTFSC  1F.2
0082:  GOTO   081
0083:  BSF    03.5
0084:  MOVF   1E,W
0085:  BCF    03.5
0086:  MOVWF  20
0087:  MOVF   1E,W
0088:  MOVWF  21
....................    v=PORTC*113; 
0089:  MOVF   07,W
008A:  MOVWF  25
008B:  MOVLW  71
008C:  MOVWF  26
008D:  GOTO   004
008E:  CLRF   23
008F:  MOVF   78,W
0090:  MOVWF  22
....................     
....................     
....................    if(x<v){ 
0091:  MOVF   21,W
0092:  SUBWF  23,W
0093:  BTFSS  03.0
0094:  GOTO   09E
0095:  BTFSS  03.2
0096:  GOTO   09B
0097:  MOVF   22,W
0098:  SUBWF  20,W
0099:  BTFSC  03.0
009A:  GOTO   09E
....................    PORTB=0x80; 
009B:  MOVLW  80
009C:  MOVWF  06
....................     
....................    }else{ 
009D:  GOTO   09F
....................    PORTB=0; 
009E:  CLRF   06
....................    } 
....................     
....................     
....................    } 
009F:  GOTO   080
....................  
.................... } 
00A0:  SLEEP

Configuration Fuses:
   Word  1: 3F71   XT NOWDT PUT NODEBUG NOPROTECT BROWNOUT NOLVP NOCPD NOWRT
